read
parsed
Process ForkPoolWorker-27:
Traceback (most recent call last):
  File "/usr/lib64/python3.6/multiprocessing/pool.py", line 125, in worker
    put((job, i, result))
  File "/usr/lib64/python3.6/multiprocessing/queues.py", line 347, in put
    self._writer.send_bytes(obj)
  File "/usr/lib64/python3.6/multiprocessing/connection.py", line 204, in send_bytes
    self._send_bytes(m[offset:offset + size])
  File "/usr/lib64/python3.6/multiprocessing/connection.py", line 408, in _send_bytes
    self._send(header + buf)
  File "/usr/lib64/python3.6/multiprocessing/connection.py", line 372, in _send
    n = write(self._handle, buf)
BrokenPipeError: [Errno 32] Broken pipe

During handling of the above exception, another exception occurred:

Traceback (most recent call last):
  File "/usr/lib64/python3.6/multiprocessing/process.py", line 258, in _bootstrap
    self.run()
  File "/usr/lib64/python3.6/multiprocessing/process.py", line 93, in run
    self._target(*self._args, **self._kwargs)
  File "/usr/lib64/python3.6/multiprocessing/pool.py", line 130, in worker
    put((job, i, (False, wrapped)))
  File "/usr/lib64/python3.6/multiprocessing/queues.py", line 347, in put
    self._writer.send_bytes(obj)
  File "/usr/lib64/python3.6/multiprocessing/connection.py", line 204, in send_bytes
    self._send_bytes(m[offset:offset + size])
  File "/usr/lib64/python3.6/multiprocessing/connection.py", line 408, in _send_bytes
    self._send(header + buf)
  File "/usr/lib64/python3.6/multiprocessing/connection.py", line 372, in _send
    n = write(self._handle, buf)
BrokenPipeError: [Errno 32] Broken pipe
read
parsed
saved
read
parsed
saved
read
parsed
saved
read
parsed
saved
read
parsed
saved
read
parsed
saved
read
parsed
saved
read
parsed
saved
read
parsed
saved
read
parsed
saved
read
parsed
saved
read
parsed
saved
read
parsed
saved
read
parsed
saved
read
parsed
saved
read
parsed
saved
read
parsed
saved
read
parsed
saved
read
parsed
saved
read
parsed
saved
read
parsed
read
parsed
saved
read
parsed
saved
read
parsed
saved
read
parsed
saved
read
parsed
saved
read
parsed
saved
read
parsed
saved
read
parsed
saved
read
parsed
saved
read
parsed
saved
read
parsed
saved
read
parsed
saved
read
parsed
saved
read
parsed
saved
read
parsed
saved
read
parsed
saved
read
parsed
saved
read
parsed
saved
read
parsed
saved
read
parsed
saved
read
parsed
saved
read
parsed
saved
read
parsed
saved
read
parsed
saved
read
parsed
saved
read
parsed
saved
read
parsed
saved
read
parsed
saved
read
parsed
saved
read
parsed
saved
read
parsed
saved
read
parsed
saved
read
parsed
saved
read
parsed
saved
read
parsed
saved
read
parsed
saved
read
parsed
saved
read
parsed
saved
read
parsed
saved
read
parsed
saved
read
parsed
saved
read
parsed
saved
read
parsed
saved
read
parsed
saved
read
parsed
saved
read
parsed
saved
read
parsed
saved
read
parsed
saved
read
parsed
read
parsed
saved
read
parsed
saved
read
parsed
saved
read
parsed
saved
read
parsed
saved
read
parsed
saved
read
parsed
saved
read
parsed
saved
read
parsed
saved
read
parsed
saved
read
parsed
saved
read
parsed
saved
read
parsed
saved
read
parsed
saved
read
parsed
saved
read
parsed
saved
read
parsed
saved
read
parsed
saved
read
parsed
saved
read
parsed
saved
read
parsed
saved
read
parsed
saved
read
parsed
saved
read
parsed
saved
read
parsed
saved
read
parsed
saved
read
parsed
saved
read
parsed
saved
read
parsed
saved
read
parsed
saved
read
parsed
saved
read
parsed
saved
read
parsed
saved
read
parsed
saved
read
parsed
saved
read
parsed
saved
read
parsed
saved
read
parsed
saved
read
parsed
saved
read
parsed
saved
read
parsed
saved
read
parsed
saved
read
parsed
saved
read
parsed
saved
read
parsed
saved
read
parsed
saved
read
parsed
saved
read
parsed
saved
read
parsed
saved
read
parsed
saved
read
parsed
saved
read
parsed
saved
read
parsed
saved
read
parsed
saved
read
parsed
read
parsed
saved
read
parsed
saved
read
parsed
saved
read
parsed
saved
read
parsed
saved
read
parsed
saved
read
parsed
saved
read
parsed
saved
read
parsed
saved
read
parsed
saved
read
parsed
saved
read
parsed
saved
read
parsed
saved
read
parsed
saved
read
parsed
saved
read
parsed
saved
read
parsed
saved
read
parsed
saved
read
parsed
saved
read
parsed
saved
read
parsed
saved
read
parsed
saved
read
parsed
saved
read
parsed
saved
read
parsed
saved
read
parsed
saved
read
parsed
saved
read
parsed
saved
read
parsed
saved
read
parsed
saved
read
parsed
saved
read
parsed
saved
read
parsed
saved
read
parsed
saved
read
parsed
saved
read
parsed
saved
read
parsed
saved
read
parsed
saved
read
parsed
saved
read
parsed
saved
read
parsed
saved
read
parsed
saved
read
parsed
saved
read
parsed
saved
read
parsed
saved
read
parsed
saved
read
parsed
saved
read
parsed
saved
read
parsed
saved
read
parsed
saved
read
parsed
saved
read
parsed
saved
read
parsed
saved
read
parsed
saved
read
parsed
saved
read
parsed
saved
read
parsed
saved
read
parsed
saved
read
parsed
saved
read
parsed
saved
read
parsed
saved
read
parsed
saved
read
parsed
saved
read
parsed
saved
read
parsed
saved
read
parsed
saved
read
parsed
saved
read
parsed
saved
read
parsed
saved
read
parsed
saved
read
parsed
saved
read
parsed
saved
read
parsed
saved
read
parsed
saved
read
parsed
saved
read
parsed
saved
read
parsed
saved
read
parsed
saved
read
parsed
saved
read
parsed
saved
read
parsed
saved
read
parsed
saved
read
parsed
saved
read
parsed
saved
read
parsed
saved
read
parsed
saved
read
parsed
saved
read
parsed
saved
read
parsed
saved
read
parsed
saved
read
parsed
saved
read
parsed
saved
read
parsed
saved
read
parsed
saved
read
parsed
saved
read
parsed
saved
read
parsed
saved
read
parsed
saved
read
parsed
saved
read
parsed
read
parsed
saved
read
parsed
saved
read
parsed
saved
read
parsed
saved
read
parsed
saved
read
parsed
saved
read
parsed
saved
read
parsed
saved
read
parsed
saved
read
parsed
saved
read
parsed
saved
read
parsed
saved
read
parsed
saved
read
parsed
saved
read
parsed
saved
read
parsed
saved
read
parsed
saved
read
parsed
saved
read
parsed
saved
read
parsed
saved
read
parsed
saved
read
parsed
saved
read
parsed
saved
read
parsed
saved
read
parsed
saved
read
parsed
saved
read
parsed
saved
read
parsed
saved
read
parsed
saved
read
parsed
saved
read
parsed
saved
read
parsed
saved
read
parsed
saved
read
parsed
saved
read
parsed
saved
read
parsed
saved
read
parsed
saved
read
parsed
saved
read
parsed
saved
read
parsed
saved
read
parsed
saved
read
parsed
saved
read
parsed
saved
read
parsed
saved
read
parsed
saved
read
parsed
saved
read
parsed
saved
read
parsed
saved
read
parsed
saved
read
parsed
saved
read
parsed
saved
read
parsed
saved
read
parsed
saved
read
parsed
saved
read
parsed
saved
read
parsed
saved
read
parsed
saved
read
parsed
saved
read
parsed
saved
read
parsed
saved
read
parsed
saved
read
parsed
saved
read
parsed
saved
read
parsed
saved
read
parsed
saved
read
parsed
saved
read
parsed
saved
read
parsed
saved
read
parsed
saved
read
parsed
saved
read
parsed
saved
read
parsed
saved
read
parsed
saved
read
parsed
saved
read
parsed
saved
read
parsed
saved
read
parsed
saved
read
parsed
saved
read
parsed
saved
read
parsed
saved
read
parsed
read
parsed
saved
read
parsed
saved
read
parsed
saved
read
parsed
saved
read
parsed
saved
read
parsed
saved
read
parsed
saved
read
parsed
saved
read
parsed
saved
read
parsed
saved
read
parsed
saved
read
parsed
saved
read
parsed
saved
read
parsed
saved
read
parsed
saved
read
parsed
read
parsed
saved
read
parsed
saved
read
parsed
saved
read
parsed
saved
read
parsed
saved
read
parsed
saved
read
parsed
saved
read
parsed
saved
read
parsed
saved
read
parsed
saved
read
parsed
saved
read
parsed
saved
read
parsed
saved
read
parsed
saved
read
parsed
saved
read
parsed
saved
read
parsed
saved
read
parsed
saved
read
parsed
saved
read
parsed
saved
read
parsed
saved
read
parsed
saved
read
parsed
saved
read
parsed
saved
read
parsed
saved
read
parsed
read
parsed
saved
read
parsed
saved
read
parsed
saved
read
parsed
saved
read
parsed
saved
read
parsed
saved
read
parsed
saved
read
parsed
saved
read
parsed
saved
read
parsed
saved
read
parsed
saved
read
parsed
saved
read
parsed
saved
read
parsed
saved
read
parsed
saved
read
parsed
saved
read
parsed
saved
read
parsed
saved
read
parsed
saved
read
parsed
saved
read
parsed
saved
read
parsed
read
parsed
saved
read
parsed
saved
read
parsed
saved
read
parsed
saved
read
parsed
saved
read
parsed
saved
read
parsed
saved
read
parsed
saved
read
parsed
saved
read
parsed
saved
read
parsed
saved
read
parsed
saved
read
parsed
saved
read
parsed
saved
read
parsed
saved
read
parsed
saved
read
parsed
saved
read
parsed
saved
read
parsed
saved
read
parsed
saved
read
parsed
read
parsed
saved
read
parsed
saved
read
parsed
saved
read
parsed
read
parsed
saved
read
parsed
saved
read
parsed
saved
read
parsed
saved
read
parsed
saved
read
parsed
saved
read
parsed
saved
read
parsed
saved
read
parsed
saved
read
parsed
saved
read
parsed
saved
read
parsed
saved
read
parsed
saved
read
parsed
saved
read
parsed
saved
read
parsed
saved
read
parsed
saved
read
parsed
saved
read
parsed
saved
read
parsed
saved
read
parsed
saved
read
parsed
saved
read
parsed
saved
read
parsed
read
parsed
saved
read
parsed
saved
read
parsed
saved
read
parsed
saved
read
parsed
saved
read
parsed
saved
read
parsed
saved
read
parsed
saved
read
parsed
read
parsed
saved
read
parsed
saved
read
parsed
saved
read
parsed
saved
read
parsed
saved
read
parsed
saved
read
parsed
saved
read
parsed
saved
read
parsed
saved
read
parsed
saved
read
parsed
saved
read
parsed
saved
read
parsed
saved
read
parsed
saved
read
parsed
saved
read
parsed
saved
read
parsed
saved
read
parsed
saved
read
parsed
saved
read
parsed
saved
read
parsed
saved
read
parsed
saved
read
parsed
saved
read
parsed
saved
read
parsed
saved
read
parsed
saved
read
parsed
saved
read
parsed
saved
read
parsed
saved
read
parsed
saved
read
parsed
saved
read
parsed
saved
read
parsed
saved
read
parsed
saved
read
parsed
saved
read
parsed
saved
read
parsed
saved
read
parsed
saved
read
parsed
saved
read
parsed
saved
read
parsed
saved
read
parsed
saved
read
parsed
saved
read
parsed
saved
read
parsed
saved
read
parsed
saved
read
parsed
saved
read
parsed
saved
read
parsed
saved
read
parsed
saved
read
parsed
saved
read
parsed
read
parsed
saved
read
parsed
saved
read
parsed
saved
read
parsed
saved
read
parsed
saved
read
parsed
saved
read
parsed
saved
read
parsed
saved
read
parsed
saved
read
parsed
saved
read
parsed
saved
read
parsed
saved
read
parsed
saved
read
parsed
saved
read
parsed
saved
read
parsed
saved
read
parsed
saved
read
parsed
saved
read
parsed
saved
read
parsed
saved
read
parsed
saved
read
parsed
saved
read
parsed
saved
read
parsed
saved
read
parsed
saved
read
parsed
saved
read
parsed
saved
read
parsed
saved
read
parsed
saved
read
parsed
saved
read
parsed
saved
read
parsed
saved
read
parsed
read
parsed
saved
read
parsed
saved
read
parsed
saved
read
parsed
saved
read
parsed
saved
read
parsed
saved
read
parsed
saved
read
parsed
saved
read
parsed
saved
read
parsed
saved
read
parsed
saved
read
parsed
saved
read
parsed
saved
read
parsed
saved
read
parsed
saved
read
parsed
saved
read
parsed
saved
read
parsed
saved
read
parsed
saved
read
parsed
saved
read
parsed
saved
read
parsed
saved
read
parsed
saved
read
parsed
saved
read
parsed
saved
read
parsed
saved
read
parsed
saved
read
parsed
saved
read
parsed
saved
read
parsed
saved
read
parsed
saved
read
parsed
saved
read
parsed
saved
read
parsed
saved
read
parsed
saved
read
parsed
saved
read
parsed
saved
read
parsed
saved
read
parsed
saved
read
parsed
saved
read
parsed
saved
read
parsed
saved
read
parsed
read
parsed
saved
read
parsed
saved
read
parsed
saved
read
parsed
saved
read
parsed
saved
read
parsed
saved
read
parsed
saved
read
parsed
saved
read
parsed
saved
read
parsed
saved
read
parsed
saved
read
parsed
saved
read
parsed
saved
read
parsed
saved
read
parsed
saved
read
parsed
saved
read
parsed
saved
read
parsed
saved
read
parsed
saved
read
parsed
saved
read
parsed
saved
read
parsed
saved
read
parsed
saved
read
parsed
saved
read
parsed
saved
read
parsed
saved
read
parsed
saved
read
parsed
saved
read
parsed
saved
read
parsed
saved
read
parsed
saved
read
parsed
saved
read
parsed
saved
read
parsed
saved
read
parsed
saved
read
parsed
saved
read
parsed
saved
read
parsed
saved
read
parsed
saved
read
parsed
saved
read
parsed
saved
read
parsed
saved
read
parsed
saved
read
parsed
saved
read
parsed
saved
read
parsed
saved
read
parsed
read
parsed
saved
read
parsed
saved
read
parsed
saved
read
parsed
saved
read
parsed
saved
read
parsed
saved
read
parsed
saved
read
parsed
saved
read
parsed
saved
read
parsed
saved
read
parsed
saved
read
parsed
saved
read
parsed
saved
read
parsed
saved
read
parsed
saved
read
parsed
saved
read
parsed
saved
read
parsed
saved
read
parsed
saved
read
parsed
read
parsed
saved
read
parsed
saved
read
parsed
saved
read
parsed
saved
read
parsed
saved
read
parsed
saved
read
parsed
saved
read
parsed
saved
read
parsed
saved
read
parsed
saved
read
parsed
saved
read
parsed
saved
read
parsed
saved
read
parsed
saved
read
parsed
saved
read
parsed
saved
read
parsed
saved
read
parsed
saved
read
parsed
saved
read
parsed
saved
read
parsed
saved
read
parsed
saved
read
parsed
saved
read
parsed
saved
read
parsed
read
parsed
saved
read
parsed
saved
read
parsed
saved
read
parsed
saved
read
parsed
saved
read
parsed
saved
read
parsed
saved
read
parsed
saved
read
parsed
saved
read
parsed
saved
read
parsed
saved
read
parsed
saved
read
parsed
saved
read
parsed
saved
read
parsed
saved
read
parsed
saved
read
parsed
saved
read
parsed
saved
read
parsed
saved
read
parsed
saved
read
parsed
saved
read
parsed
saved
read
parsed
saved
read
parsed
saved
read
parsed
saved
read
parsed
saved
read
parsed
saved
read
parsed
saved
read
parsed
saved
read
parsed
saved
read
parsed
saved
read
parsed
saved
read
parsed
saved
read
parsed
saved
read
parsed
saved
read
parsed
saved
read
parsed
saved
read
parsed
saved
read
parsed
saved
read
parsed
saved
read
parsed
saved
read
parsed
saved
read
parsed
saved
read
parsed
saved
read
parsed
saved
read
parsed
saved
read
parsed
saved
read
parsed
read
parsed
saved
read
parsed
saved
read
parsed
saved
read
parsed
saved
read
parsed
saved
read
parsed
saved
read
parsed
saved
read
parsed
saved
read
parsed
saved
read
parsed
saved
read
parsed
saved
read
parsed
saved
read
parsed
saved
read
parsed
saved
read
parsed
saved
read
parsed
saved
read
parsed
saved
read
parsed
saved
read
parsed
saved
read
parsed
saved
read
parsed
saved
read
parsed
saved
read
parsed
saved
read
parsed
saved
read
parsed
saved
read
parsed
saved
read
parsed
saved
read
parsed
saved
read
parsed
saved
read
parsed
saved
read
parsed
saved
read
parsed
saved
read
parsed
saved
read
parsed
saved
read
parsed
saved
read
parsed
saved
read
parsed
saved
read
parsed
saved
read
parsed
saved
read
parsed
saved
read
parsed
saved
read
parsed
saved
read
parsed
saved
read
parsed
saved
read
parsed
saved
read
parsed
saved
read
parsed
saved
read
parsed
saved
read
parsed
saved
read
parsed
saved
read
parsed
saved
read
parsed
saved
read
parsed
saved
read
parsed
saved
read
parsed
saved
read
parsed
saved
read
parsed
saved
read
parsed
saved
read
parsed
saved
read
parsed
saved
read
parsed
saved
read
parsed
saved
read
parsed
saved
read
parsed
saved
read
parsed
saved
read
parsed
saved
read
parsed
saved
read
parsed
saved
read
parsed
saved
read
parsed
saved
read
parsed
saved
read
parsed
saved
read
parsed
saved
read
parsed
saved
read
parsed
saved
read
parsed
saved
read
parsed
saved
read
parsed
saved
read
parsed
saved
read
parsed
saved
read
parsed
saved
read
parsed
saved
read
parsed
saved
read
parsed
saved
read
parsed
saved
read
parsed
saved
read
parsed
saved
read
parsed
saved
read
parsed
saved
read
parsed
saved
read
parsed
saved
read
parsed
saved
read
parsed
saved
read
parsed
saved
read
parsed
saved
read
parsed
saved
read
parsed
saved
read
parsed
saved
read
parsed
saved
read
parsed
saved
read
parsed
saved
read
parsed
saved
read
parsed
saved
read
parsed
saved
read
parsed
saved
read
parsed
saved
read
parsed
saved
read
parsed
saved
read
parsed
saved
read
parsed
saved
read
parsed
saved
read
parsed
saved
read
parsed
saved
read
parsed
saved
read
parsed
saved
read
parsed
saved
read
parsed
saved
read
parsed
saved
read
parsed
saved
read
parsed
saved
read
parsed
saved
read
parsed
saved
read
parsed
saved
read
parsed
saved
read
parsed
saved
read
parsed
saved
read
parsed
saved
read
parsed
saved
read
parsed
saved
read
parsed
saved
read
parsed
saved
read
parsed
saved
read
parsed
saved
read
parsed
saved
read
parsed
saved
read
parsed
saved
read
parsed
saved
read
parsed
saved
read
parsed
saved
read
parsed
saved
read
parsed
saved
read
parsed
saved
read
parsed
saved
read
parsed
saved
read
parsed
saved
read
parsed
saved
read
parsed
saved
read
parsed
saved
read
parsed
saved
read
parsed
saved
read
parsed
saved
read
parsed
saved
read
parsed
saved
read
parsed
saved
read
parsed
saved
read
parsed
saved
read
parsed
saved
read
parsed
saved
read
parsed
saved
read
parsed
saved
read
parsed
saved
read
parsed
saved
read
parsed
saved
read
parsed
saved
read
parsed
saved
read
parsed
saved
read
parsed
saved
read
parsed
saved
read
parsed
saved
read
parsed
saved
read
parsed
saved
read
parsed
saved
read
parsed
saved
read
parsed
saved
read
parsed
saved
read
parsed
saved
read
parsed
saved
read
parsed
saved
read
parsed
saved
read
parsed
saved
read
parsed
saved
read
parsed
saved
read
parsed
saved
read
parsed
saved
read
parsed
saved
read
parsed
saved
read
parsed
saved
read
parsed
saved
read
parsed
saved
read
parsed
saved
read
parsed
saved
read
parsed
saved
read
parsed
saved
read
parsed
saved
read
parsed
saved
read
parsed
saved
read
parsed
saved
read
parsed
saved
read
parsed
saved
read
parsed
saved
read
parsed
saved
read
parsed
saved
read
parsed
saved
read
parsed
saved
read
parsed
saved
read
parsed
saved
read
parsed
saved
read
parsed
saved
read
parsed
saved
read
parsed
saved
read
parsed
saved
read
parsed
saved
read
parsed
saved
read
parsed
saved
read
parsed
saved
read
parsed
saved
read
parsed
saved
read
parsed
saved
read
parsed
saved
read
parsed
saved
read
parsed
saved
read
parsed
saved
read
parsed
saved
read
parsed
saved
read
parsed
saved
read
parsed
saved
read
parsed
saved
read
parsed
saved
read
parsed
saved
read
parsed
saved
read
parsed
saved
read
parsed
saved
read
parsed
saved
read
parsed
saved
read
parsed
saved
read
parsed
saved
read
parsed
saved
read
parsed
saved
read
parsed
saved
read
parsed
saved
read
parsed
saved
read
parsed
saved
read
parsed
saved
read
parsed
saved
read
parsed
saved
read
parsed
saved
read
parsed
saved
read
parsed
saved
read
parsed
saved
read
parsed
saved
read
parsed
saved
read
parsed
saved
read
parsed
saved
read
parsed
saved
read
parsed
saved
read
parsed
saved
read
parsed
saved
read
parsed
saved
read
parsed
saved
read
parsed
saved
read
parsed
saved
read
parsed
saved
read
parsed
saved
read
parsed
saved
read
parsed
saved
read
parsed
saved
read
parsed
saved
read
parsed
saved
read
parsed
saved
read
parsed
saved
read
parsed
saved
read
parsed
saved
read
parsed
saved
read
parsed
saved
read
parsed
saved
read
parsed
saved
read
parsed
saved
read
parsed
saved
read
parsed
saved
read
parsed
saved
read
parsed
saved
read
parsed
saved
read
parsed
saved
read
parsed
saved
read
parsed
saved
read
parsed
saved
read
parsed
saved
read
parsed
saved
read
parsed
saved
read
parsed
saved
read
parsed
saved
read
parsed
saved
read
parsed
saved
read
parsed
saved
read
parsed
saved
read
parsed
saved
read
parsed
saved
read
parsed
saved
read
parsed
saved
read
parsed
saved
read
parsed
saved
read
parsed
saved
read
parsed
saved
read
parsed
saved
read
parsed
saved
read
parsed
saved
read
parsed
saved
read
parsed
saved
read
parsed
saved
read
parsed
saved
read
parsed
saved
read
parsed
saved
read
parsed
saved
read
parsed
saved
read
parsed
saved
read
parsed
saved
read
parsed
saved
read
parsed
saved
read
parsed
saved
read
parsed
saved
read
parsed
saved
read
parsed
saved
read
parsed
saved
read
parsed
saved
read
parsed
saved
read
parsed
saved
read
parsed
saved
read
parsed
saved
read
parsed
saved
read
parsed
saved
read
parsed
saved
read
parsed
saved
read
parsed
saved
read
parsed
saved
read
parsed
saved
read
parsed
saved
read
parsed
saved
read
parsed
saved
read
parsed
saved
read
parsed
saved
read
parsed
saved
read
parsed
saved
read
parsed
saved
read
parsed
saved
read
parsed
saved
read
parsed
saved
read
parsed
saved
read
parsed
saved
read
parsed
saved
read
parsed
saved
read
parsed
saved
read
parsed
saved
read
parsed
saved
read
parsed
saved
read
parsed
saved
read
parsed
saved
read
parsed
saved
read
parsed
saved
read
parsed
saved
read
parsed
saved
read
parsed
saved
read
parsed
saved
read
parsed
saved
read
parsed
saved
read
parsed
saved
read
parsed
saved
read
parsed
saved
read
parsed
saved
read
parsed
saved
read
parsed
saved
read
parsed
saved
read
parsed
saved
read
parsed
saved
read
parsed
saved
read
parsed
saved
read
parsed
saved
read
parsed
saved
read
parsed
saved
read
parsed
saved
read
parsed
saved
read
parsed
saved
read
parsed
saved
read
parsed
saved
read
parsed
saved
read
parsed
saved
read
parsed
saved
read
parsed
saved
read
parsed
saved
read
parsed
saved
read
parsed
saved
read
parsed
saved
read
parsed
saved
read
parsed
saved
read
parsed
saved
read
parsed
saved
read
parsed
saved
read
parsed
saved
read
parsed
saved
read
parsed
saved
read
parsed
saved
read
parsed
saved
read
parsed
saved
read
parsed
saved
read
parsed
saved
read
parsed
saved
read
parsed
saved
read
parsed
saved
read
parsed
saved
read
parsed
saved
read
parsed
saved
read
parsed
saved
read
parsed
saved
read
parsed
saved
read
parsed
saved
read
parsed
saved
read
parsed
saved
read
parsed
saved
read
parsed
saved
read
parsed
saved
read
parsed
saved
read
parsed
saved
read
parsed
saved
read
parsed
saved
read
parsed
saved
read
parsed
saved
read
parsed
saved
read
parsed
saved
read
parsed
saved
read
parsed
saved
read
parsed
saved
read
parsed
saved
read
parsed
saved
read
parsed
saved
read
parsed
saved
read
parsed
saved
read
parsed
saved
read
parsed
saved
read
parsed
saved
read
parsed
saved
read
parsed
saved
read
parsed
saved
read
parsed
saved
read
parsed
saved
read
parsed
saved
read
parsed
saved
read
parsed
saved
read
parsed
saved
read
parsed
saved
read
parsed
saved
read
parsed
saved
read
parsed
saved
read
parsed
saved
read
parsed
saved
read
parsed
saved
read
parsed
saved
read
parsed
saved
read
parsed
saved
read
parsed
saved
read
parsed
saved
read
parsed
saved
read
parsed
saved
read
parsed
saved
read
parsed
saved
read
parsed
saved
read
parsed
saved
read
parsed
saved
read
parsed
saved
read
parsed
saved
read
parsed
saved
read
parsed
saved
read
parsed
saved
read
parsed
saved
read
parsed
saved
read
parsed
saved
read
parsed
saved
read
parsed
saved
read
parsed
saved
read
parsed
saved
read
parsed
saved
read
parsed
saved
read
parsed
saved
read
parsed
saved
read
parsed
saved
read
parsed
saved
read
parsed
saved
read
parsed
saved
read
parsed
saved
read
parsed
saved
read
parsed
saved
read
parsed
saved
read
parsed
saved
read
parsed
saved
read
parsed
saved
read
parsed
saved
read
parsed
saved
read
parsed
saved
read
parsed
saved
read
parsed
saved
read
parsed
saved
read
parsed
saved
read
parsed
saved
read
parsed
saved
read
parsed
saved
read
parsed
saved
read
parsed
saved
read
parsed
saved
read
parsed
saved
read
parsed
saved
read
parsed
saved
read
parsed
saved
read
parsed
saved
read
parsed
saved
read
parsed
saved
read
parsed
saved
read
parsed
saved
read
parsed
saved
read
parsed
saved
read
parsed
saved
read
parsed
saved
read
parsed
saved
read
parsed
saved
read
parsed
saved
read
parsed
saved
read
parsed
saved
read
parsed
saved
read
parsed
saved
read
parsed
saved
read
parsed
saved
read
parsed
saved
read
parsed
saved
read
parsed
saved
read
parsed
saved
read
parsed
saved
read
parsed
saved
read
parsed
saved
read
parsed
saved
read
parsed
saved
read
parsed
saved
read
parsed
saved
read
parsed
saved
read
parsed
saved
read
parsed
saved
read
parsed
saved
read
parsed
saved
read
parsed
saved
read
parsed
saved
read
parsed
saved
read
parsed
saved
read
parsed
saved
read
parsed
saved
read
parsed
saved
read
parsed
saved
read
parsed
saved
read
parsed
saved
read
parsed
saved
read
parsed
saved
read
parsed
saved
read
parsed
saved
read
parsed
saved
read
parsed
saved
read
parsed
saved
read
parsed
saved
read
parsed
saved
read
parsed
saved
read
parsed
saved
read
parsed
saved
read
parsed
saved
read
parsed
saved
read
parsed
saved
read
parsed
saved
read
parsed
saved
read
parsed
saved
read
parsed
saved
read
parsed
saved
read
parsed
saved
read
parsed
saved
read
parsed
saved
read
parsed
saved
read
parsed
saved
read
parsed
saved
read
parsed
saved
read
parsed
saved
read
parsed
saved
read
parsed
saved
read
parsed
saved
read
parsed
saved
read
parsed
saved
read
parsed
saved
read
parsed
saved
read
parsed
saved
read
parsed
saved
read
parsed
saved
read
parsed
read
parsed
saved
read
parsed
saved
read
parsed
saved
read
parsed
saved
read
parsed
saved
read
parsed
saved
read
parsed
saved
read
Error: syntax error: line 1, column 0
read
parsed
saved
read
parsed
saved
read
parsed
saved
read
parsed
saved
read
parsed
saved
read
parsed
saved
read
parsed
saved
read
parsed
saved
read
parsed
saved
read
parsed
saved
read
parsed
saved
read
parsed
saved
read
parsed
saved
read
parsed
saved
read
parsed
saved
read
parsed
saved
read
parsed
saved
read
parsed
saved
read
parsed
saved
read
parsed
saved
read
parsed
saved
read
parsed
saved
read
parsed
saved
read
parsed
saved
read
parsed
saved
read
parsed
saved
read
parsed
saved
read
parsed
saved
read
parsed
saved
read
parsed
saved
read
parsed
saved
read
parsed
saved
read
parsed
saved
read
parsed
saved
read
parsed
saved
read
parsed
saved
read
parsed
saved
read
parsed
saved
read
parsed
saved
read
parsed
saved
read
parsed
saved
read
parsed
saved
read
parsed
saved
read
parsed
saved
read
parsed
saved
read
parsed
saved
read
parsed
saved
read
parsed
saved
read
parsed
saved
read
parsed
saved
read
parsed
saved
read
parsed
saved
read
parsed
saved
read
parsed
saved
read
parsed
saved
read
parsed
saved
read
parsed
saved
read
parsed
saved
read
parsed
saved
read
parsed
saved
read
parsed
saved
read
parsed
saved
read
parsed
saved
read
parsed
saved
read
parsed
saved
read
parsed
saved
read
parsed
saved
read
parsed
saved
read
parsed
saved
read
parsed
saved
read
parsed
saved
read
parsed
saved
read
parsed
saved
read
parsed
saved
read
parsed
saved
read
parsed
saved
read
parsed
saved
multiprocessing.pool.RemoteTraceback: 
"""
Traceback (most recent call last):
  File "/usr/lib64/python3.6/multiprocessing/pool.py", line 119, in worker
    result = (True, func(*args, **kwds))
  File "/usr/lib64/python3.6/multiprocessing/pool.py", line 47, in starmapstar
    return list(itertools.starmap(args[0], args[1]))
  File "parallel.py", line 220, in parallelize
    xml_dict = parse(file_path)
  File "parallel.py", line 18, in parse
    return xml_dict
UnboundLocalError: local variable 'xml_dict' referenced before assignment
"""

The above exception was the direct cause of the following exception:

Traceback (most recent call last):
  File "parallel.py", line 318, in <module>
    main()
  File "parallel.py", line 305, in main
    results = pool.starmap(parallelize, lst)
  File "/usr/lib64/python3.6/multiprocessing/pool.py", line 274, in starmap
    return self._map_async(func, iterable, starmapstar, chunksize).get()
  File "/usr/lib64/python3.6/multiprocessing/pool.py", line 644, in get
    raise self._value
UnboundLocalError: local variable 'xml_dict' referenced before assignment
